[debug] [2021-08-22T14:47:22.141Z] ----------------------------------------------------------------------
[debug] [2021-08-22T14:47:22.143Z] Command:       C:\Program Files\nodejs\node.exe C:\Users\phduo\AppData\Roaming\npm\node_modules\firebase-tools\lib\bin\firebase.js init
[debug] [2021-08-22T14:47:22.143Z] CLI Version:   9.16.5
[debug] [2021-08-22T14:47:22.143Z] Platform:      win32
[debug] [2021-08-22T14:47:22.143Z] Node Version:  v16.4.0
[debug] [2021-08-22T14:47:22.144Z] Time:          Sun Aug 22 2021 21:47:22 GMT+0700 (Indochina Time)
[debug] [2021-08-22T14:47:22.144Z] ----------------------------------------------------------------------
[debug] 
[debug] [2021-08-22T14:47:22.152Z] > command requires scopes: ["email","openid","https://www.googleapis.com/auth/cloudplatformprojects.readonly","https://www.googleapis.com/auth/firebase","https://www.googleapis.com/auth/cloud-platform"]
[debug] [2021-08-22T14:47:22.152Z] > authorizing via signed-in user (dpham4@binghamton.edu)
[info] 
     ######## #### ########  ######## ########     ###     ######  ########
     ##        ##  ##     ## ##       ##     ##  ##   ##  ##       ##
     ######    ##  ########  ######   ########  #########  ######  ######
     ##        ##  ##    ##  ##       ##     ## ##     ##       ## ##
     ##       #### ##     ## ######## ########  ##     ##  ######  ########

You're about to initialize a Firebase project in this directory:

  C:\Users\phduo\OneDrive\Desktop\C4EJS118\Final project\nutrition-and-fitness

[info] 
=== Project Setup
[info] 
[info] First, let's associate this project directory with a Firebase project.
[info] You can create multiple project aliases by running firebase use --add, 
[info] but for now we'll just set up a default project.
[info] 
[info] i  If you want to create a project in a Google Cloud organization or folder, please use "firebase projects:create" instead, and return to this command when you've created the project. 
[debug] [2021-08-22T14:47:57.965Z] > refreshing access token with scopes: ["email","https://www.googleapis.com/auth/cloud-platform","https://www.googleapis.com/auth/cloudplatformprojects.readonly","https://www.googleapis.com/auth/firebase","openid"]
[debug] [2021-08-22T14:47:57.965Z] >>> HTTP REQUEST POST https://www.googleapis.com/oauth2/v3/token  
 <request body omitted>
[debug] [2021-08-22T14:47:58.419Z] <<< HTTP RESPONSE 200 {"cache-control":"no-cache, no-store, max-age=0, must-revalidate","pragma":"no-cache","expires":"Mon, 01 Jan 1990 00:00:00 GMT","date":"Sun, 22 Aug 2021 14:47:58 GMT","content-type":"application/json; charset=utf-8","vary":"X-Origin, Referer, Origin,Accept-Encoding","server":"scaffolding on HTTPServer2","x-xss-protection":"0","x-frame-options":"SAMEORIGIN","x-content-type-options":"nosniff","alt-svc":"h3=\":443\"; ma=2592000,h3-29=\":443\"; ma=2592000,h3-T051=\":443\"; ma=2592000,h3-Q050=\":443\"; ma=2592000,h3-Q046=\":443\"; ma=2592000,h3-Q043=\":443\"; ma=2592000,quic=\":443\"; ma=2592000; v=\"46,43\"","accept-ranges":"none","transfer-encoding":"chunked"}
[debug] [2021-08-22T14:47:58.436Z] >>> HTTP REQUEST POST https://cloudresourcemanager.googleapis.com/v1/projects  
 {"projectId":"nutrition-and-fitness","name":"nutrition-and-fitness"}
[debug] [2021-08-22T14:47:59.636Z] <<< HTTP RESPONSE 409 {"vary":"X-Origin, Referer, Origin,Accept-Encoding","content-type":"application/json; charset=UTF-8","date":"Sun, 22 Aug 2021 14:47:59 GMT","server":"ESF","cache-control":"private","x-xss-protection":"0","x-frame-options":"SAMEORIGIN","x-content-type-options":"nosniff","server-timing":"gfet4t7; dur=897","alt-svc":"h3=\":443\"; ma=2592000,h3-29=\":443\"; ma=2592000,h3-T051=\":443\"; ma=2592000,h3-Q050=\":443\"; ma=2592000,h3-Q046=\":443\"; ma=2592000,h3-Q043=\":443\"; ma=2592000,quic=\":443\"; ma=2592000; v=\"46,43\"","accept-ranges":"none","transfer-encoding":"chunked"}
[debug] [2021-08-22T14:47:59.636Z] <<< HTTP RESPONSE BODY {"error":{"code":409,"message":"Requested entity already exists","status":"ALREADY_EXISTS"}}
[debug] [2021-08-22T14:47:59.832Z] FirebaseError: HTTP Error: 409, Requested entity already exists
    at module.exports (C:\Users\phduo\AppData\Roaming\npm\node_modules\firebase-tools\lib\responseToError.js:38:12)
    at Request._callback (C:\Users\phduo\AppData\Roaming\npm\node_modules\firebase-tools\lib\api.js:41:35)
    at Request.self.callback (C:\Users\phduo\AppData\Roaming\npm\node_modules\firebase-tools\node_modules\request\request.js:185:22)
    at Request.emit (node:events:394:28)
    at Request.emit (node:domain:470:12)
    at Request.<anonymous> (C:\Users\phduo\AppData\Roaming\npm\node_modules\firebase-tools\node_modules\request\request.js:1154:10)
    at Request.emit (node:events:394:28)
    at Request.emit (node:domain:470:12)
    at IncomingMessage.<anonymous> (C:\Users\phduo\AppData\Roaming\npm\node_modules\firebase-tools\node_modules\request\request.js:1076:12)
    at Object.onceWrapper (node:events:513:28)
    at IncomingMessage.emit (node:events:406:35)
    at IncomingMessage.emit (node:domain:470:12)
    at endReadableNT (node:internal/streams/readable:1329:12)
    at processTicksAndRejections (node:internal/process/task_queues:83:21)
[error] 
[error] Error: Failed to create project because there is already a project with ID nutrition-and-fitness. Please try again with a unique project ID.
[debug] [2021-08-22T14:48:14.115Z] ----------------------------------------------------------------------
[debug] [2021-08-22T14:48:14.117Z] Command:       C:\Program Files\nodejs\node.exe C:\Users\phduo\AppData\Roaming\npm\node_modules\firebase-tools\lib\bin\firebase.js init
[debug] [2021-08-22T14:48:14.117Z] CLI Version:   9.16.5
[debug] [2021-08-22T14:48:14.117Z] Platform:      win32
[debug] [2021-08-22T14:48:14.117Z] Node Version:  v16.4.0
[debug] [2021-08-22T14:48:14.118Z] Time:          Sun Aug 22 2021 21:48:14 GMT+0700 (Indochina Time)
[debug] [2021-08-22T14:48:14.119Z] ----------------------------------------------------------------------
[debug] 
[debug] [2021-08-22T14:48:14.126Z] > command requires scopes: ["email","openid","https://www.googleapis.com/auth/cloudplatformprojects.readonly","https://www.googleapis.com/auth/firebase","https://www.googleapis.com/auth/cloud-platform"]
[debug] [2021-08-22T14:48:14.126Z] > authorizing via signed-in user (dpham4@binghamton.edu)
[info] 
     ######## #### ########  ######## ########     ###     ######  ########
     ##        ##  ##     ## ##       ##     ##  ##   ##  ##       ##
     ######    ##  ########  ######   ########  #########  ######  ######
     ##        ##  ##    ##  ##       ##     ## ##     ##       ## ##
     ##       #### ##     ## ######## ########  ##     ##  ######  ########

You're about to initialize a Firebase project in this directory:

  C:\Users\phduo\OneDrive\Desktop\C4EJS118\Final project\nutrition-and-fitness

[info] 
=== Project Setup
[info] 
[info] First, let's associate this project directory with a Firebase project.
[info] You can create multiple project aliases by running firebase use --add, 
[info] but for now we'll just set up a default project.
[info] 
[debug] [2021-08-22T14:48:23.034Z] > refreshing access token with scopes: []
[debug] [2021-08-22T14:48:23.034Z] >>> HTTP REQUEST POST https://www.googleapis.com/oauth2/v3/token  
 <request body omitted>
[debug] [2021-08-22T14:48:23.320Z] <<< HTTP RESPONSE 200 {"expires":"Mon, 01 Jan 1990 00:00:00 GMT","pragma":"no-cache","cache-control":"no-cache, no-store, max-age=0, must-revalidate","date":"Sun, 22 Aug 2021 14:48:23 GMT","content-type":"application/json; charset=utf-8","vary":"X-Origin, Referer, Origin,Accept-Encoding","server":"scaffolding on HTTPServer2","x-xss-protection":"0","x-frame-options":"SAMEORIGIN","x-content-type-options":"nosniff","alt-svc":"h3=\":443\"; ma=2592000,h3-29=\":443\"; ma=2592000,h3-T051=\":443\"; ma=2592000,h3-Q050=\":443\"; ma=2592000,h3-Q046=\":443\"; ma=2592000,h3-Q043=\":443\"; ma=2592000,quic=\":443\"; ma=2592000; v=\"46,43\"","accept-ranges":"none","transfer-encoding":"chunked"}
[debug] [2021-08-22T14:48:23.335Z] >>> [apiv2][query] GET https://firebase.googleapis.com/v1beta1/projects pageSize=100
[debug] [2021-08-22T14:48:24.056Z] <<< [apiv2][status] GET https://firebase.googleapis.com/v1beta1/projects 200
[debug] [2021-08-22T14:48:24.057Z] <<< [apiv2][body] GET https://firebase.googleapis.com/v1beta1/projects [omitted]
[info] i  Using project nutrition-and-fitness-9e219 (nutrition-and-fitness) 
[info] 
=== Hosting Setup
[info] 
[info] Your public directory is the folder (relative to your project directory) that
[info] will contain Hosting assets to be uploaded with firebase deploy. If you
[info] have a build process for your assets, use your build's output directory.
[info] 
[debug] [2021-08-22T14:50:59.611Z] >>> [apiv2][query] GET https://www.gstatic.com/firebasejs/releases.json [none]
[debug] [2021-08-22T14:50:59.851Z] <<< [apiv2][status] GET https://www.gstatic.com/firebasejs/releases.json 200
[debug] [2021-08-22T14:50:59.851Z] <<< [apiv2][body] GET https://www.gstatic.com/firebasejs/releases.json {"current":{"version":"8.10.0","browserURL":"https://www.gstatic.com/firebasejs/8.10.0/firebase.js","packageURL":"https://www.gstatic.com/firebasejs/8.10.0/firebase.tgz"},"live":{"version":"8.10","browserURL":"https://www.gstatic.com/firebasejs/live/8.10/firebase.js","packageURL":"https://www.gstatic.com/firebasejs/live/8.10/firebase.tgz"},"components":{"analytics":"https://www.gstatic.com/firebasejs/8.10.0/firebase-analytics.js","app":"https://www.gstatic.com/firebasejs/8.10.0/firebase-app.js","app-check":"https://www.gstatic.com/firebasejs/8.10.0/firebase-app-check.js","auth":"https://www.gstatic.com/firebasejs/8.10.0/firebase-auth.js","database":"https://www.gstatic.com/firebasejs/8.10.0/firebase-database.js","firestore":"https://www.gstatic.com/firebasejs/8.10.0/firebase-firestore.js","functions":"https://www.gstatic.com/firebasejs/8.10.0/firebase-functions.js","installations":"https://www.gstatic.com/firebasejs/8.10.0/firebase-installations.js","messaging":"https://www.gstatic.com/firebasejs/8.10.0/firebase-messaging.js","storage":"https://www.gstatic.com/firebasejs/8.10.0/firebase-storage.js","performance":"https://www.gstatic.com/firebasejs/8.10.0/firebase-performance.js","remote-config":"https://www.gstatic.com/firebasejs/8.10.0/firebase-remote-config.js","firestore.memory":"https://www.gstatic.com/firebasejs/8.10.0/firebase-firestore.memory.js"}}
[info] +  Wrote dist/app-deploy/index.html 
[info] 
=== Hosting:github Setup
[info] 
[info] i  Detected a .git folder at C:\Users\phduo\OneDrive\Desktop\C4EJS118\Final project\nutrition-and-fitness 
[info] i  Authorizing with GitHub to upload your service account to a GitHub repository's secrets store. 
[info] 
[info] Visit this URL on this device to log in:
[info] https://github.com/login/oauth/authorize?client_id=89cf50f02ac6aaed3484&state=51499704&redirect_uri=http%3A%2F%2Flocalhost%3A9005&scope=read%3Auser%20repo%20public_repo
[info] 
[info] Waiting for authentication...
[debug] [2021-08-22T14:51:00.837Z] >>> HTTP REQUEST POST https://github.com/login/oauth/access_token  
 {"client_id":"89cf50f02ac6aaed3484","client_secret":"3330d14abc895d9a74d5f17cd7a00711fa2c5bf0","code":"7334fbdf597412805b2e","redirect_uri":"http://localhost:9005","state":"51499704"}
[debug] [2021-08-22T14:51:01.404Z] <<< HTTP RESPONSE 200 {"server":"GitHub.com","date":"Sun, 22 Aug 2021 14:51:01 GMT","content-type":"application/json; charset=utf-8","transfer-encoding":"chunked","vary":"X-PJAX, Accept-Encoding, Accept, X-Requested-With","permissions-policy":"interest-cohort=()","etag":"W/\"42f5c63bbad0434794790249288ecf2e\"","cache-control":"max-age=0, private, must-revalidate","strict-transport-security":"max-age=31536000; includeSubdomains; preload","x-frame-options":"deny","x-content-type-options":"nosniff","x-xss-protection":"0","referrer-policy":"origin-when-cross-origin, strict-origin-when-cross-origin","expect-ct":"max-age=2592000, report-uri=\"https://api.github.com/_private/browser/errors\"","content-security-policy":"default-src 'none'; base-uri 'self'; block-all-mixed-content; connect-src 'self' uploads.github.com www.githubstatus.com collector.githubapp.com api.github.com github-cloud.s3.amazonaws.com github-production-repository-file-5c1aeb.s3.amazonaws.com github-production-upload-manifest-file-7fdce7.s3.amazonaws.com github-production-user-asset-6210df.s3.amazonaws.com cdn.optimizely.com logx.optimizely.com/v1/events translator.github.com wss://alive.github.com; font-src github.githubassets.com; form-action 'self' github.com gist.github.com; frame-ancestors 'none'; frame-src render.githubusercontent.com viewscreen.githubusercontent.com; img-src 'self' data: github.githubassets.com identicons.github.com collector.githubapp.com github-cloud.s3.amazonaws.com secured-user-images.githubusercontent.com/ *.githubusercontent.com; manifest-src 'self'; media-src 'none'; script-src github.githubassets.com; style-src 'unsafe-inline' github.githubassets.com; worker-src github.com/socket-worker-3f088aa2.js gist.github.com/socket-worker-3f088aa2.js","x-github-request-id":"DBAC:48D3:D3A12:1EC43E:61226455"}
[debug] [2021-08-22T14:51:01.408Z] >>> [apiv2][query] GET https://api.github.com/user [none]
[debug] [2021-08-22T14:51:02.684Z] <<< [apiv2][status] GET https://api.github.com/user 200
[debug] [2021-08-22T14:51:02.684Z] <<< [apiv2][body] GET https://api.github.com/user {"login":"dpham4","id":54454479,"node_id":"MDQ6VXNlcjU0NDU0NDc5","avatar_url":"https://avatars.githubusercontent.com/u/54454479?v=4","gravatar_id":"","url":"https://api.github.com/users/dpham4","html_url":"https://github.com/dpham4","followers_url":"https://api.github.com/users/dpham4/followers","following_url":"https://api.github.com/users/dpham4/following{/other_user}","gists_url":"https://api.github.com/users/dpham4/gists{/gist_id}","starred_url":"https://api.github.com/users/dpham4/starred{/owner}{/repo}","subscriptions_url":"https://api.github.com/users/dpham4/subscriptions","organizations_url":"https://api.github.com/users/dpham4/orgs","repos_url":"https://api.github.com/users/dpham4/repos","events_url":"https://api.github.com/users/dpham4/events{/privacy}","received_events_url":"https://api.github.com/users/dpham4/received_events","type":"User","site_admin":false,"name":null,"company":null,"blog":"","location":null,"email":null,"hireable":null,"bio":"Hi, I am Alex. I have learned about python, C, and Java ","twitter_username":null,"public_repos":8,"public_gists":0,"followers":0,"following":1,"created_at":"2019-08-23T19:55:34Z","updated_at":"2021-08-12T02:03:49Z","private_gists":0,"total_private_repos":0,"owned_private_repos":0,"disk_usage":87,"collaborators":0,"two_factor_authentication":false,"plan":{"name":"free","space":976562499,"collaborators":0,"private_repos":10000}}
[info] 
[info] +  Success! Logged into GitHub as dpham4 
[info] 
[debug] [2021-08-22T14:51:33.279Z] >>> [apiv2][query] GET https://api.github.com/repos/dpham4/nutrition-and-fitness/actions/secrets/public-key type=owner
[debug] [2021-08-22T14:51:35.520Z] <<< [apiv2][status] GET https://api.github.com/repos/dpham4/nutrition-and-fitness/actions/secrets/public-key 404
[debug] [2021-08-22T14:51:35.521Z] <<< [apiv2][body] GET https://api.github.com/repos/dpham4/nutrition-and-fitness/actions/secrets/public-key {"message":"Not Found","documentation_url":"https://docs.github.com/rest/reference/actions#get-a-repository-public-key"}
[debug] [2021-08-23T07:55:34.793Z] ----------------------------------------------------------------------
[debug] [2021-08-23T07:55:34.795Z] Command:       C:\Program Files\nodejs\node.exe C:\Users\phduo\AppData\Roaming\npm\node_modules\firebase-tools\lib\bin\firebase.js init
[debug] [2021-08-23T07:55:34.795Z] CLI Version:   9.16.5
[debug] [2021-08-23T07:55:34.795Z] Platform:      win32
[debug] [2021-08-23T07:55:34.795Z] Node Version:  v16.4.0
[debug] [2021-08-23T07:55:34.804Z] Time:          Mon Aug 23 2021 14:55:34 GMT+0700 (Indochina Time)
[debug] [2021-08-23T07:55:34.804Z] ----------------------------------------------------------------------
[debug] 
[debug] [2021-08-23T07:55:34.812Z] > command requires scopes: ["email","openid","https://www.googleapis.com/auth/cloudplatformprojects.readonly","https://www.googleapis.com/auth/firebase","https://www.googleapis.com/auth/cloud-platform"]
[debug] [2021-08-23T07:55:34.812Z] > authorizing via signed-in user (dpham4@binghamton.edu)
[info] 
     ######## #### ########  ######## ########     ###     ######  ########
     ##        ##  ##     ## ##       ##     ##  ##   ##  ##       ##
     ######    ##  ########  ######   ########  #########  ######  ######
     ##        ##  ##    ##  ##       ##     ## ##     ##       ## ##
     ##       #### ##     ## ######## ########  ##     ##  ######  ########

You're about to initialize a Firebase project in this directory:

  C:\Users\phduo\OneDrive\Desktop\C4EJS118\Final project\nutrition-and-fitness

[info] 
=== Project Setup
[info] 
[info] First, let's associate this project directory with a Firebase project.
[info] You can create multiple project aliases by running firebase use --add, 
[info] but for now we'll just set up a default project.
[info] 
[debug] [2021-08-23T07:55:54.105Z] > refreshing access token with scopes: []
[debug] [2021-08-23T07:55:54.106Z] >>> HTTP REQUEST POST https://www.googleapis.com/oauth2/v3/token  
 <request body omitted>
[debug] [2021-08-23T07:55:54.492Z] <<< HTTP RESPONSE 200 {"expires":"Mon, 01 Jan 1990 00:00:00 GMT","pragma":"no-cache","cache-control":"no-cache, no-store, max-age=0, must-revalidate","date":"Mon, 23 Aug 2021 07:55:54 GMT","content-type":"application/json; charset=utf-8","vary":"X-Origin, Referer, Origin,Accept-Encoding","server":"scaffolding on HTTPServer2","x-xss-protection":"0","x-frame-options":"SAMEORIGIN","x-content-type-options":"nosniff","alt-svc":"h3=\":443\"; ma=2592000,h3-29=\":443\"; ma=2592000,h3-T051=\":443\"; ma=2592000,h3-Q050=\":443\"; ma=2592000,h3-Q046=\":443\"; ma=2592000,h3-Q043=\":443\"; ma=2592000,quic=\":443\"; ma=2592000; v=\"46,43\"","accept-ranges":"none","transfer-encoding":"chunked"}
[debug] [2021-08-23T07:55:54.506Z] >>> [apiv2][query] GET https://firebase.googleapis.com/v1beta1/projects pageSize=100
[debug] [2021-08-23T07:55:55.178Z] <<< [apiv2][status] GET https://firebase.googleapis.com/v1beta1/projects 200
[debug] [2021-08-23T07:55:55.178Z] <<< [apiv2][body] GET https://firebase.googleapis.com/v1beta1/projects [omitted]
[info] i  Using project nutrition-and-fitness-9e219 (nutrition-and-fitness) 
[info] 
=== Hosting Setup
[info] 
[info] Your public directory is the folder (relative to your project directory) that
[info] will contain Hosting assets to be uploaded with firebase deploy. If you
[info] have a build process for your assets, use your build's output directory.
[info] 
[debug] [2021-08-23T07:57:14.949Z] >>> [apiv2][query] GET https://www.gstatic.com/firebasejs/releases.json [none]
[debug] [2021-08-23T07:57:15.393Z] <<< [apiv2][status] GET https://www.gstatic.com/firebasejs/releases.json 200
[debug] [2021-08-23T07:57:15.393Z] <<< [apiv2][body] GET https://www.gstatic.com/firebasejs/releases.json {"current":{"version":"8.10.0","browserURL":"https://www.gstatic.com/firebasejs/8.10.0/firebase.js","packageURL":"https://www.gstatic.com/firebasejs/8.10.0/firebase.tgz"},"live":{"version":"8.10","browserURL":"https://www.gstatic.com/firebasejs/live/8.10/firebase.js","packageURL":"https://www.gstatic.com/firebasejs/live/8.10/firebase.tgz"},"components":{"analytics":"https://www.gstatic.com/firebasejs/8.10.0/firebase-analytics.js","app":"https://www.gstatic.com/firebasejs/8.10.0/firebase-app.js","app-check":"https://www.gstatic.com/firebasejs/8.10.0/firebase-app-check.js","auth":"https://www.gstatic.com/firebasejs/8.10.0/firebase-auth.js","database":"https://www.gstatic.com/firebasejs/8.10.0/firebase-database.js","firestore":"https://www.gstatic.com/firebasejs/8.10.0/firebase-firestore.js","functions":"https://www.gstatic.com/firebasejs/8.10.0/firebase-functions.js","installations":"https://www.gstatic.com/firebasejs/8.10.0/firebase-installations.js","messaging":"https://www.gstatic.com/firebasejs/8.10.0/firebase-messaging.js","storage":"https://www.gstatic.com/firebasejs/8.10.0/firebase-storage.js","performance":"https://www.gstatic.com/firebasejs/8.10.0/firebase-performance.js","remote-config":"https://www.gstatic.com/firebasejs/8.10.0/firebase-remote-config.js","firestore.memory":"https://www.gstatic.com/firebasejs/8.10.0/firebase-firestore.memory.js"}}
[info] i  Skipping write of public/index.html 
[info] 
=== Hosting:github Setup
[info] 
[info] i  Detected a .git folder at C:\Users\phduo\OneDrive\Desktop\C4EJS118\Final project\nutrition-and-fitness 
[info] i  Authorizing with GitHub to upload your service account to a GitHub repository's secrets store. 
[info] 
[info] Visit this URL on this device to log in:
[info] https://github.com/login/oauth/authorize?client_id=89cf50f02ac6aaed3484&state=283294955&redirect_uri=http%3A%2F%2Flocalhost%3A9005&scope=read%3Auser%20repo%20public_repo
[info] 
[info] Waiting for authentication...
[debug] [2021-08-23T07:57:19.565Z] >>> HTTP REQUEST POST https://github.com/login/oauth/access_token  
 {"client_id":"89cf50f02ac6aaed3484","client_secret":"3330d14abc895d9a74d5f17cd7a00711fa2c5bf0","code":"bf3bf05fa4d72210ec22","redirect_uri":"http://localhost:9005","state":"283294955"}
[debug] [2021-08-23T07:57:20.101Z] <<< HTTP RESPONSE 200 {"server":"GitHub.com","date":"Mon, 23 Aug 2021 07:57:19 GMT","content-type":"application/json; charset=utf-8","transfer-encoding":"chunked","vary":"X-PJAX, Accept-Encoding, Accept, X-Requested-With","permissions-policy":"interest-cohort=()","etag":"W/\"36f54256ac7949f7f522695834171c54\"","cache-control":"max-age=0, private, must-revalidate","strict-transport-security":"max-age=31536000; includeSubdomains; preload","x-frame-options":"deny","x-content-type-options":"nosniff","x-xss-protection":"0","referrer-policy":"origin-when-cross-origin, strict-origin-when-cross-origin","expect-ct":"max-age=2592000, report-uri=\"https://api.github.com/_private/browser/errors\"","content-security-policy":"default-src 'none'; base-uri 'self'; block-all-mixed-content; connect-src 'self' uploads.github.com www.githubstatus.com collector.githubapp.com api.github.com github-cloud.s3.amazonaws.com github-production-repository-file-5c1aeb.s3.amazonaws.com github-production-upload-manifest-file-7fdce7.s3.amazonaws.com github-production-user-asset-6210df.s3.amazonaws.com cdn.optimizely.com logx.optimizely.com/v1/events translator.github.com wss://alive.github.com; font-src github.githubassets.com; form-action 'self' github.com gist.github.com; frame-ancestors 'none'; frame-src render.githubusercontent.com viewscreen.githubusercontent.com; img-src 'self' data: github.githubassets.com identicons.github.com collector.githubapp.com github-cloud.s3.amazonaws.com secured-user-images.githubusercontent.com/ *.githubusercontent.com; manifest-src 'self'; media-src 'none'; script-src github.githubassets.com; style-src 'unsafe-inline' github.githubassets.com; worker-src github.com/socket-worker-3f088aa2.js gist.github.com/socket-worker-3f088aa2.js","x-github-request-id":"D197:5D56:1B6B55:24475A:612354DF"}
[debug] [2021-08-23T07:57:20.107Z] >>> [apiv2][query] GET https://api.github.com/user [none]
[debug] [2021-08-23T07:57:20.663Z] <<< [apiv2][status] GET https://api.github.com/user 200
[debug] [2021-08-23T07:57:20.664Z] <<< [apiv2][body] GET https://api.github.com/user {"login":"dpham4","id":54454479,"node_id":"MDQ6VXNlcjU0NDU0NDc5","avatar_url":"https://avatars.githubusercontent.com/u/54454479?v=4","gravatar_id":"","url":"https://api.github.com/users/dpham4","html_url":"https://github.com/dpham4","followers_url":"https://api.github.com/users/dpham4/followers","following_url":"https://api.github.com/users/dpham4/following{/other_user}","gists_url":"https://api.github.com/users/dpham4/gists{/gist_id}","starred_url":"https://api.github.com/users/dpham4/starred{/owner}{/repo}","subscriptions_url":"https://api.github.com/users/dpham4/subscriptions","organizations_url":"https://api.github.com/users/dpham4/orgs","repos_url":"https://api.github.com/users/dpham4/repos","events_url":"https://api.github.com/users/dpham4/events{/privacy}","received_events_url":"https://api.github.com/users/dpham4/received_events","type":"User","site_admin":false,"name":null,"company":null,"blog":"","location":null,"email":null,"hireable":null,"bio":"Hi, I am Alex. I have learned about python, C, and Java ","twitter_username":null,"public_repos":8,"public_gists":0,"followers":0,"following":1,"created_at":"2019-08-23T19:55:34Z","updated_at":"2021-08-12T02:03:49Z","private_gists":0,"total_private_repos":0,"owned_private_repos":0,"disk_usage":87,"collaborators":0,"two_factor_authentication":false,"plan":{"name":"free","space":976562499,"collaborators":0,"private_repos":10000}}
[info] 
[info] +  Success! Logged into GitHub as dpham4 
[info] 
[debug] [2021-08-23T07:57:49.858Z] >>> [apiv2][query] GET https://api.github.com/repos/c4ejs118/actions/secrets/public-key type=owner
[debug] [2021-08-23T07:57:49.859Z] >>> [apiv2][query] GET https://api.github.com/repos///actions/secrets/public-key type=owner
[debug] [2021-08-23T07:57:50.283Z] <<< [apiv2][status] GET https://api.github.com/repos/c4ejs118/actions/secrets/public-key 404
[debug] [2021-08-23T07:57:50.283Z] <<< [apiv2][body] GET https://api.github.com/repos/c4ejs118/actions/secrets/public-key {"message":"Not Found","documentation_url":"https://docs.github.com/rest"}
[debug] [2021-08-23T07:57:50.945Z] <<< [apiv2][status] GET https://api.github.com/repos///actions/secrets/public-key 404
[debug] [2021-08-23T07:57:50.945Z] <<< [apiv2][body] GET https://api.github.com/repos///actions/secrets/public-key {"message":"Not Found","documentation_url":"https://docs.github.com/rest"}
[debug] [2021-08-23T07:58:00.178Z] >>> [apiv2][query] GET https://api.github.com/repos/c4ejs118/nutrition-and-fitness/actions/secrets/public-key type=owner
[debug] [2021-08-23T07:58:00.594Z] <<< [apiv2][status] GET https://api.github.com/repos/c4ejs118/nutrition-and-fitness/actions/secrets/public-key 403
[debug] [2021-08-23T07:58:00.594Z] <<< [apiv2][body] GET https://api.github.com/repos/c4ejs118/nutrition-and-fitness/actions/secrets/public-key {"message":"Must have admin rights to Repository.","documentation_url":"https://docs.github.com/rest/reference/actions#get-a-repository-public-key"}
[info] 
[info] 
[error] !  The provided authorization cannot be used with this repository. If this repository is in an organization, did you remember to grant access? 
[info] 
[info] i  Action required: Visit this URL to ensure access has been granted to the appropriate organization(s) for the Firebase CLI GitHub OAuth App: 
[info] https://github.com/settings/connections/applications/89cf50f02ac6aaed3484
[info] 
[debug] [2021-08-23T07:58:52.785Z] >>> [apiv2][query] GET https://api.github.com/repos/https://github.com/c4ejs118/nutrition-and-fitness/actions/secrets/public-key type=owner
[debug] [2021-08-23T07:58:53.282Z] <<< [apiv2][status] GET https://api.github.com/repos/https://github.com/c4ejs118/nutrition-and-fitness/actions/secrets/public-key 404
[debug] [2021-08-23T07:58:53.282Z] <<< [apiv2][body] GET https://api.github.com/repos/https://github.com/c4ejs118/nutrition-and-fitness/actions/secrets/public-key {"message":"Not Found","documentation_url":"https://docs.github.com/rest"}
[debug] [2021-08-23T07:58:57.437Z] >>> [apiv2][query] GET https://api.github.com/repos/https://github.com/c4ejs118/nutrition-and-fitness/actions/secrets/public-key type=owner
[debug] [2021-08-23T07:58:57.842Z] <<< [apiv2][status] GET https://api.github.com/repos/https://github.com/c4ejs118/nutrition-and-fitness/actions/secrets/public-key 404
[debug] [2021-08-23T07:58:57.843Z] <<< [apiv2][body] GET https://api.github.com/repos/https://github.com/c4ejs118/nutrition-and-fitness/actions/secrets/public-key {"message":"Not Found","documentation_url":"https://docs.github.com/rest"}
[debug] [2021-08-23T07:59:05.751Z] >>> [apiv2][query] GET https://api.github.com/repos/c4ejs118/nutrition-and-fitness/actions/secrets/public-key type=owner
[debug] [2021-08-23T07:59:06.384Z] <<< [apiv2][status] GET https://api.github.com/repos/c4ejs118/nutrition-and-fitness/actions/secrets/public-key 403
[debug] [2021-08-23T07:59:06.384Z] <<< [apiv2][body] GET https://api.github.com/repos/c4ejs118/nutrition-and-fitness/actions/secrets/public-key {"message":"Must have admin rights to Repository.","documentation_url":"https://docs.github.com/rest/reference/actions#get-a-repository-public-key"}
[info] 
[info] 
[error] !  The provided authorization cannot be used with this repository. If this repository is in an organization, did you remember to grant access? 
[info] 
[info] i  Action required: Visit this URL to ensure access has been granted to the appropriate organization(s) for the Firebase CLI GitHub OAuth App: 
[info] https://github.com/settings/connections/applications/89cf50f02ac6aaed3484
[info] 
[debug] [2021-08-23T08:04:13.686Z] ----------------------------------------------------------------------
[debug] [2021-08-23T08:04:13.688Z] Command:       C:\Program Files\nodejs\node.exe C:\Users\phduo\AppData\Roaming\npm\node_modules\firebase-tools\lib\bin\firebase.js init
[debug] [2021-08-23T08:04:13.688Z] CLI Version:   9.16.5
[debug] [2021-08-23T08:04:13.688Z] Platform:      win32
[debug] [2021-08-23T08:04:13.688Z] Node Version:  v16.4.0
[debug] [2021-08-23T08:04:13.689Z] Time:          Mon Aug 23 2021 15:04:13 GMT+0700 (Indochina Time)
[debug] [2021-08-23T08:04:13.689Z] ----------------------------------------------------------------------
[debug] 
[debug] [2021-08-23T08:04:13.697Z] > command requires scopes: ["email","openid","https://www.googleapis.com/auth/cloudplatformprojects.readonly","https://www.googleapis.com/auth/firebase","https://www.googleapis.com/auth/cloud-platform"]
[debug] [2021-08-23T08:04:13.697Z] > authorizing via signed-in user (dpham4@binghamton.edu)
[info] 
     ######## #### ########  ######## ########     ###     ######  ########
     ##        ##  ##     ## ##       ##     ##  ##   ##  ##       ##
     ######    ##  ########  ######   ########  #########  ######  ######
     ##        ##  ##    ##  ##       ##     ## ##     ##       ## ##
     ##       #### ##     ## ######## ########  ##     ##  ######  ########

You're about to initialize a Firebase project in this directory:

  C:\Users\phduo\OneDrive\Desktop\C4EJS118\Final project\nutrition-and-fitness

[info] 
=== Project Setup
[info] 
[info] First, let's associate this project directory with a Firebase project.
[info] You can create multiple project aliases by running firebase use --add, 
[info] but for now we'll just set up a default project.
[info] 
[debug] [2021-08-23T08:04:23.171Z] >>> [apiv2][query] GET https://firebase.googleapis.com/v1beta1/projects pageSize=100
[debug] [2021-08-23T08:04:23.915Z] <<< [apiv2][status] GET https://firebase.googleapis.com/v1beta1/projects 200
[debug] [2021-08-23T08:04:23.915Z] <<< [apiv2][body] GET https://firebase.googleapis.com/v1beta1/projects [omitted]
[info] i  Using project nutrition-and-fitness-9e219 (nutrition-and-fitness) 
[info] 
=== Hosting Setup
[info] 
[info] Your public directory is the folder (relative to your project directory) that
[info] will contain Hosting assets to be uploaded with firebase deploy. If you
[info] have a build process for your assets, use your build's output directory.
[info] 
[info] +  Wrote public/404.html 
[debug] [2021-08-23T08:06:25.852Z] >>> [apiv2][query] GET https://www.gstatic.com/firebasejs/releases.json [none]
[debug] [2021-08-23T08:06:26.119Z] <<< [apiv2][status] GET https://www.gstatic.com/firebasejs/releases.json 200
[debug] [2021-08-23T08:06:26.120Z] <<< [apiv2][body] GET https://www.gstatic.com/firebasejs/releases.json {"current":{"version":"8.10.0","browserURL":"https://www.gstatic.com/firebasejs/8.10.0/firebase.js","packageURL":"https://www.gstatic.com/firebasejs/8.10.0/firebase.tgz"},"live":{"version":"8.10","browserURL":"https://www.gstatic.com/firebasejs/live/8.10/firebase.js","packageURL":"https://www.gstatic.com/firebasejs/live/8.10/firebase.tgz"},"components":{"analytics":"https://www.gstatic.com/firebasejs/8.10.0/firebase-analytics.js","app":"https://www.gstatic.com/firebasejs/8.10.0/firebase-app.js","app-check":"https://www.gstatic.com/firebasejs/8.10.0/firebase-app-check.js","auth":"https://www.gstatic.com/firebasejs/8.10.0/firebase-auth.js","database":"https://www.gstatic.com/firebasejs/8.10.0/firebase-database.js","firestore":"https://www.gstatic.com/firebasejs/8.10.0/firebase-firestore.js","functions":"https://www.gstatic.com/firebasejs/8.10.0/firebase-functions.js","installations":"https://www.gstatic.com/firebasejs/8.10.0/firebase-installations.js","messaging":"https://www.gstatic.com/firebasejs/8.10.0/firebase-messaging.js","storage":"https://www.gstatic.com/firebasejs/8.10.0/firebase-storage.js","performance":"https://www.gstatic.com/firebasejs/8.10.0/firebase-performance.js","remote-config":"https://www.gstatic.com/firebasejs/8.10.0/firebase-remote-config.js","firestore.memory":"https://www.gstatic.com/firebasejs/8.10.0/firebase-firestore.memory.js"}}
